<?xml version="1.0" encoding="UTF-8"?>
<TestRun id="2d294db8-d230-4093-bb0e-2625c7fdd498" name="Rajani@RAJANIDELL 2012-08-06 15:25:00" runUser="RajaniDell\Rajani" xmlns="http://microsoft.com/schemas/VisualStudio/TeamTest/2010">
  <TestSettings name="Default Test Settings" id="a54426ca-0404-4670-b288-6226d609d63e">
    <Deployment runDeploymentRoot="Rajani_RAJANIDELL 2012-08-06 15_25_00">
      <DeploymentItem filename="C:\Users\Rajani\Desktop\MVC\MvcBasicWalkthrough\MvcBasicWalkthrough\bin\MvcBasicWalkthrough.dll" />
    </Deployment>
    <Execution>
      <TestTypeSpecific />
      <AgentRule name="Execution Agents">
      </AgentRule>
    </Execution>
  </TestSettings>
  <Times creation="2012-08-06T15:25:00.6836516+05:30" queuing="2012-08-06T15:25:01.2296526+05:30" start="2012-08-06T15:25:01.2920527+05:30" finish="2012-08-06T15:25:01.8380537+05:30" />
  <ResultSummary outcome="Failed">
    <Counters total="18" executed="18" passed="17" error="0" failed="1" timeout="0" aborted="0" inconclusive="0" passedButRunAborted="0" notRunnable="0" notExecuted="0" disconnected="0" warning="0" completed="0" inProgress="0" pending="0" />
  </ResultSummary>
  <TestDefinitions>
    <UnitTest name="Register_Post_ReturnsViewIfRegistrationFails" storage="c:\users\rajani\desktop\mvc\mvcbasicwalkthrough\mvcbasicwalkthrough.tests\bin\debug\mvcbasicwalkthrough.tests.dll" id="29b2e7ba-5b8d-e774-c5cb-e34f3215262e">
      <Execution id="311353a1-8037-4506-ba05-4e2ae6016d25" />
      <TestMethod codeBase="C:/Users/Rajani/Desktop/MVC/MvcBasicWalkthrough/MvcBasicWalkthrough.Tests/bin/Debug/MvcBasicWalkthrough.Tests.DLL" adapterTypeName="Microsoft.VisualStudio.TestTools.TestTypes.Unit.UnitTestAdapter, Microsoft.VisualStudio.QualityTools.Tips.UnitTest.Adapter, Version=10.0.0.0, Culture=neutral, PublicKeyToken=b03f5f7f11d50a3a" className="MvcBasicWalkthrough.Tests.Controllers.AccountControllerTest, MvcBasicWalkthrough.Tests, Version=1.0.0.0, Culture=neutral, PublicKeyToken=null" name="Register_Post_ReturnsViewIfRegistrationFails" />
    </UnitTest>
    <UnitTest name="LogOn_Post_ReturnsViewIfModelStateIsInvalid" storage="c:\users\rajani\desktop\mvc\mvcbasicwalkthrough\mvcbasicwalkthrough.tests\bin\debug\mvcbasicwalkthrough.tests.dll" id="c1995092-0b74-dc1a-b0ed-8918ed48f844">
      <Execution id="ecba3343-1d74-40df-ba13-042f2b0e9bfc" />
      <TestMethod codeBase="C:/Users/Rajani/Desktop/MVC/MvcBasicWalkthrough/MvcBasicWalkthrough.Tests/bin/Debug/MvcBasicWalkthrough.Tests.DLL" adapterTypeName="Microsoft.VisualStudio.TestTools.TestTypes.Unit.UnitTestAdapter, Microsoft.VisualStudio.QualityTools.Tips.UnitTest.Adapter, Version=10.0.0.0, Culture=neutral, PublicKeyToken=b03f5f7f11d50a3a" className="MvcBasicWalkthrough.Tests.Controllers.AccountControllerTest, MvcBasicWalkthrough.Tests, Version=1.0.0.0, Culture=neutral, PublicKeyToken=null" name="LogOn_Post_ReturnsViewIfModelStateIsInvalid" />
    </UnitTest>
    <UnitTest name="ViewMaps" storage="c:\users\rajani\desktop\mvc\mvcbasicwalkthrough\mvcbasicwalkthrough.tests\bin\debug\mvcbasicwalkthrough.tests.dll" id="38997097-ad1e-4c07-fc22-f51324d8f24a">
      <Execution id="78caf5a7-a2cb-4708-bfbe-28d8063340a4" />
      <TestMethod codeBase="C:/Users/Rajani/Desktop/MVC/MvcBasicWalkthrough/MvcBasicWalkthrough.Tests/bin/Debug/MvcBasicWalkthrough.Tests.DLL" adapterTypeName="Microsoft.VisualStudio.TestTools.TestTypes.Unit.UnitTestAdapter, Microsoft.VisualStudio.QualityTools.Tips.UnitTest.Adapter, Version=10.0.0.0, Culture=neutral, PublicKeyToken=b03f5f7f11d50a3a" className="MvcBasicWalkthrough.Tests.Controllers.MapsControllerTest, MvcBasicWalkthrough.Tests, Version=1.0.0.0, Culture=neutral, PublicKeyToken=null" name="ViewMaps" />
    </UnitTest>
    <UnitTest name="ChangePassword_Post_ReturnsViewIfChangePasswordFails" storage="c:\users\rajani\desktop\mvc\mvcbasicwalkthrough\mvcbasicwalkthrough.tests\bin\debug\mvcbasicwalkthrough.tests.dll" id="33d6f6c8-860d-8a87-0f63-70c44a1a9b25">
      <Execution id="3fd687d8-38b3-4a5d-86a2-fb5613e7a53c" />
      <TestMethod codeBase="C:/Users/Rajani/Desktop/MVC/MvcBasicWalkthrough/MvcBasicWalkthrough.Tests/bin/Debug/MvcBasicWalkthrough.Tests.DLL" adapterTypeName="Microsoft.VisualStudio.TestTools.TestTypes.Unit.UnitTestAdapter, Microsoft.VisualStudio.QualityTools.Tips.UnitTest.Adapter, Version=10.0.0.0, Culture=neutral, PublicKeyToken=b03f5f7f11d50a3a" className="MvcBasicWalkthrough.Tests.Controllers.AccountControllerTest, MvcBasicWalkthrough.Tests, Version=1.0.0.0, Culture=neutral, PublicKeyToken=null" name="ChangePassword_Post_ReturnsViewIfChangePasswordFails" />
    </UnitTest>
    <UnitTest name="Register_Post_ReturnsViewIfModelStateIsInvalid" storage="c:\users\rajani\desktop\mvc\mvcbasicwalkthrough\mvcbasicwalkthrough.tests\bin\debug\mvcbasicwalkthrough.tests.dll" id="26cb7d77-2ca8-7714-975d-b90828293759">
      <Execution id="a52ea5c2-456b-44ab-840b-8c6207b4e734" />
      <TestMethod codeBase="C:/Users/Rajani/Desktop/MVC/MvcBasicWalkthrough/MvcBasicWalkthrough.Tests/bin/Debug/MvcBasicWalkthrough.Tests.DLL" adapterTypeName="Microsoft.VisualStudio.TestTools.TestTypes.Unit.UnitTestAdapter, Microsoft.VisualStudio.QualityTools.Tips.UnitTest.Adapter, Version=10.0.0.0, Culture=neutral, PublicKeyToken=b03f5f7f11d50a3a" className="MvcBasicWalkthrough.Tests.Controllers.AccountControllerTest, MvcBasicWalkthrough.Tests, Version=1.0.0.0, Culture=neutral, PublicKeyToken=null" name="Register_Post_ReturnsViewIfModelStateIsInvalid" />
    </UnitTest>
    <UnitTest name="Register_Get_ReturnsView" storage="c:\users\rajani\desktop\mvc\mvcbasicwalkthrough\mvcbasicwalkthrough.tests\bin\debug\mvcbasicwalkthrough.tests.dll" id="d8a8a8bf-2d38-e7b3-0e7b-3fe5c7399c82">
      <Execution id="30362546-f2ca-4cd3-8510-963cfa1e80f7" />
      <TestMethod codeBase="C:/Users/Rajani/Desktop/MVC/MvcBasicWalkthrough/MvcBasicWalkthrough.Tests/bin/Debug/MvcBasicWalkthrough.Tests.DLL" adapterTypeName="Microsoft.VisualStudio.TestTools.TestTypes.Unit.UnitTestAdapter, Microsoft.VisualStudio.QualityTools.Tips.UnitTest.Adapter, Version=10.0.0.0, Culture=neutral, PublicKeyToken=b03f5f7f11d50a3a" className="MvcBasicWalkthrough.Tests.Controllers.AccountControllerTest, MvcBasicWalkthrough.Tests, Version=1.0.0.0, Culture=neutral, PublicKeyToken=null" name="Register_Get_ReturnsView" />
    </UnitTest>
    <UnitTest name="About" storage="c:\users\rajani\desktop\mvc\mvcbasicwalkthrough\mvcbasicwalkthrough.tests\bin\debug\mvcbasicwalkthrough.tests.dll" id="952bd711-e777-c413-0187-ee34dca803dd">
      <Execution id="50e172cb-e09a-49a8-a401-5d806d4020b8" />
      <TestMethod codeBase="C:/Users/Rajani/Desktop/MVC/MvcBasicWalkthrough/MvcBasicWalkthrough.Tests/bin/Debug/MvcBasicWalkthrough.Tests.DLL" adapterTypeName="Microsoft.VisualStudio.TestTools.TestTypes.Unit.UnitTestAdapter, Microsoft.VisualStudio.QualityTools.Tips.UnitTest.Adapter, Version=10.0.0.0, Culture=neutral, PublicKeyToken=b03f5f7f11d50a3a" className="MvcBasicWalkthrough.Tests.Controllers.HomeControllerTest, MvcBasicWalkthrough.Tests, Version=1.0.0.0, Culture=neutral, PublicKeyToken=null" name="About" />
    </UnitTest>
    <UnitTest name="LogOn_Post_ReturnsRedirectOnSuccess_WithoutReturnUrl" storage="c:\users\rajani\desktop\mvc\mvcbasicwalkthrough\mvcbasicwalkthrough.tests\bin\debug\mvcbasicwalkthrough.tests.dll" id="c36c7c6b-e379-6d7c-2469-acf8366d6c8e">
      <Execution id="21e9c7e3-ba4d-4699-8e62-ac9a186503d9" />
      <TestMethod codeBase="C:/Users/Rajani/Desktop/MVC/MvcBasicWalkthrough/MvcBasicWalkthrough.Tests/bin/Debug/MvcBasicWalkthrough.Tests.DLL" adapterTypeName="Microsoft.VisualStudio.TestTools.TestTypes.Unit.UnitTestAdapter, Microsoft.VisualStudio.QualityTools.Tips.UnitTest.Adapter, Version=10.0.0.0, Culture=neutral, PublicKeyToken=b03f5f7f11d50a3a" className="MvcBasicWalkthrough.Tests.Controllers.AccountControllerTest, MvcBasicWalkthrough.Tests, Version=1.0.0.0, Culture=neutral, PublicKeyToken=null" name="LogOn_Post_ReturnsRedirectOnSuccess_WithoutReturnUrl" />
    </UnitTest>
    <UnitTest name="Index" storage="c:\users\rajani\desktop\mvc\mvcbasicwalkthrough\mvcbasicwalkthrough.tests\bin\debug\mvcbasicwalkthrough.tests.dll" id="40318904-6adb-7568-9dab-1705c640e25f">
      <Execution id="e7759648-84a1-4944-8693-a8e0038cdfbe" />
      <TestMethod codeBase="C:/Users/Rajani/Desktop/MVC/MvcBasicWalkthrough/MvcBasicWalkthrough.Tests/bin/Debug/MvcBasicWalkthrough.Tests.DLL" adapterTypeName="Microsoft.VisualStudio.TestTools.TestTypes.Unit.UnitTestAdapter, Microsoft.VisualStudio.QualityTools.Tips.UnitTest.Adapter, Version=10.0.0.0, Culture=neutral, PublicKeyToken=b03f5f7f11d50a3a" className="MvcBasicWalkthrough.Tests.Controllers.HomeControllerTest, MvcBasicWalkthrough.Tests, Version=1.0.0.0, Culture=neutral, PublicKeyToken=null" name="Index" />
    </UnitTest>
    <UnitTest name="ChangePasswordSuccess_ReturnsView" storage="c:\users\rajani\desktop\mvc\mvcbasicwalkthrough\mvcbasicwalkthrough.tests\bin\debug\mvcbasicwalkthrough.tests.dll" id="e4b3dcfc-7e62-8754-5dee-5f4ef38ecc68">
      <Execution id="cab6220e-e27c-4374-84f6-f8be0aee4e7e" />
      <TestMethod codeBase="C:/Users/Rajani/Desktop/MVC/MvcBasicWalkthrough/MvcBasicWalkthrough.Tests/bin/Debug/MvcBasicWalkthrough.Tests.DLL" adapterTypeName="Microsoft.VisualStudio.TestTools.TestTypes.Unit.UnitTestAdapter, Microsoft.VisualStudio.QualityTools.Tips.UnitTest.Adapter, Version=10.0.0.0, Culture=neutral, PublicKeyToken=b03f5f7f11d50a3a" className="MvcBasicWalkthrough.Tests.Controllers.AccountControllerTest, MvcBasicWalkthrough.Tests, Version=1.0.0.0, Culture=neutral, PublicKeyToken=null" name="ChangePasswordSuccess_ReturnsView" />
    </UnitTest>
    <UnitTest name="LogOff_LogsOutAndRedirects" storage="c:\users\rajani\desktop\mvc\mvcbasicwalkthrough\mvcbasicwalkthrough.tests\bin\debug\mvcbasicwalkthrough.tests.dll" id="a7a500f5-3de1-390d-7f6d-a9f8c13bd87c">
      <Execution id="064b8344-085b-4d57-b86d-e7037b7ed624" />
      <TestMethod codeBase="C:/Users/Rajani/Desktop/MVC/MvcBasicWalkthrough/MvcBasicWalkthrough.Tests/bin/Debug/MvcBasicWalkthrough.Tests.DLL" adapterTypeName="Microsoft.VisualStudio.TestTools.TestTypes.Unit.UnitTestAdapter, Microsoft.VisualStudio.QualityTools.Tips.UnitTest.Adapter, Version=10.0.0.0, Culture=neutral, PublicKeyToken=b03f5f7f11d50a3a" className="MvcBasicWalkthrough.Tests.Controllers.AccountControllerTest, MvcBasicWalkthrough.Tests, Version=1.0.0.0, Culture=neutral, PublicKeyToken=null" name="LogOff_LogsOutAndRedirects" />
    </UnitTest>
    <UnitTest name="ChangePassword_Get_ReturnsView" storage="c:\users\rajani\desktop\mvc\mvcbasicwalkthrough\mvcbasicwalkthrough.tests\bin\debug\mvcbasicwalkthrough.tests.dll" id="df0ccc05-1459-6a63-6c05-dd9da80198da">
      <Execution id="f51d6ccc-3ef4-4b9b-ae13-6ed81a8a1e96" />
      <TestMethod codeBase="C:/Users/Rajani/Desktop/MVC/MvcBasicWalkthrough/MvcBasicWalkthrough.Tests/bin/Debug/MvcBasicWalkthrough.Tests.DLL" adapterTypeName="Microsoft.VisualStudio.TestTools.TestTypes.Unit.UnitTestAdapter, Microsoft.VisualStudio.QualityTools.Tips.UnitTest.Adapter, Version=10.0.0.0, Culture=neutral, PublicKeyToken=b03f5f7f11d50a3a" className="MvcBasicWalkthrough.Tests.Controllers.AccountControllerTest, MvcBasicWalkthrough.Tests, Version=1.0.0.0, Culture=neutral, PublicKeyToken=null" name="ChangePassword_Get_ReturnsView" />
    </UnitTest>
    <UnitTest name="LogOn_Post_ReturnsRedirectOnSuccess_WithReturnUrl" storage="c:\users\rajani\desktop\mvc\mvcbasicwalkthrough\mvcbasicwalkthrough.tests\bin\debug\mvcbasicwalkthrough.tests.dll" id="682c728f-7979-41b9-7f86-d8e33d801bed">
      <Execution id="c920bacf-a068-4639-859c-60d2c0bbdfd9" />
      <TestMethod codeBase="C:/Users/Rajani/Desktop/MVC/MvcBasicWalkthrough/MvcBasicWalkthrough.Tests/bin/Debug/MvcBasicWalkthrough.Tests.DLL" adapterTypeName="Microsoft.VisualStudio.TestTools.TestTypes.Unit.UnitTestAdapter, Microsoft.VisualStudio.QualityTools.Tips.UnitTest.Adapter, Version=10.0.0.0, Culture=neutral, PublicKeyToken=b03f5f7f11d50a3a" className="MvcBasicWalkthrough.Tests.Controllers.AccountControllerTest, MvcBasicWalkthrough.Tests, Version=1.0.0.0, Culture=neutral, PublicKeyToken=null" name="LogOn_Post_ReturnsRedirectOnSuccess_WithReturnUrl" />
    </UnitTest>
    <UnitTest name="LogOn_Post_ReturnsViewIfValidateUserFails" storage="c:\users\rajani\desktop\mvc\mvcbasicwalkthrough\mvcbasicwalkthrough.tests\bin\debug\mvcbasicwalkthrough.tests.dll" id="b0dd765d-c88b-8d84-7449-9c931bad3c16">
      <Execution id="7686c8ef-25ff-4ae8-b3c3-9b73d1d3fd6d" />
      <TestMethod codeBase="C:/Users/Rajani/Desktop/MVC/MvcBasicWalkthrough/MvcBasicWalkthrough.Tests/bin/Debug/MvcBasicWalkthrough.Tests.DLL" adapterTypeName="Microsoft.VisualStudio.TestTools.TestTypes.Unit.UnitTestAdapter, Microsoft.VisualStudio.QualityTools.Tips.UnitTest.Adapter, Version=10.0.0.0, Culture=neutral, PublicKeyToken=b03f5f7f11d50a3a" className="MvcBasicWalkthrough.Tests.Controllers.AccountControllerTest, MvcBasicWalkthrough.Tests, Version=1.0.0.0, Culture=neutral, PublicKeyToken=null" name="LogOn_Post_ReturnsViewIfValidateUserFails" />
    </UnitTest>
    <UnitTest name="LogOn_Get_ReturnsView" storage="c:\users\rajani\desktop\mvc\mvcbasicwalkthrough\mvcbasicwalkthrough.tests\bin\debug\mvcbasicwalkthrough.tests.dll" id="259471d5-c94b-8c25-36ab-dfc0ecb58304">
      <Execution id="d0d1d98d-def9-47e1-8540-85d2cc15dcca" />
      <TestMethod codeBase="C:/Users/Rajani/Desktop/MVC/MvcBasicWalkthrough/MvcBasicWalkthrough.Tests/bin/Debug/MvcBasicWalkthrough.Tests.DLL" adapterTypeName="Microsoft.VisualStudio.TestTools.TestTypes.Unit.UnitTestAdapter, Microsoft.VisualStudio.QualityTools.Tips.UnitTest.Adapter, Version=10.0.0.0, Culture=neutral, PublicKeyToken=b03f5f7f11d50a3a" className="MvcBasicWalkthrough.Tests.Controllers.AccountControllerTest, MvcBasicWalkthrough.Tests, Version=1.0.0.0, Culture=neutral, PublicKeyToken=null" name="LogOn_Get_ReturnsView" />
    </UnitTest>
    <UnitTest name="ChangePassword_Post_ReturnsViewIfModelStateIsInvalid" storage="c:\users\rajani\desktop\mvc\mvcbasicwalkthrough\mvcbasicwalkthrough.tests\bin\debug\mvcbasicwalkthrough.tests.dll" id="99015924-30ac-c7f2-83fb-a7b2829acf09">
      <Execution id="bcc98449-ddef-41bd-b3b4-3fd01a4bad17" />
      <TestMethod codeBase="C:/Users/Rajani/Desktop/MVC/MvcBasicWalkthrough/MvcBasicWalkthrough.Tests/bin/Debug/MvcBasicWalkthrough.Tests.DLL" adapterTypeName="Microsoft.VisualStudio.TestTools.TestTypes.Unit.UnitTestAdapter, Microsoft.VisualStudio.QualityTools.Tips.UnitTest.Adapter, Version=10.0.0.0, Culture=neutral, PublicKeyToken=b03f5f7f11d50a3a" className="MvcBasicWalkthrough.Tests.Controllers.AccountControllerTest, MvcBasicWalkthrough.Tests, Version=1.0.0.0, Culture=neutral, PublicKeyToken=null" name="ChangePassword_Post_ReturnsViewIfModelStateIsInvalid" />
    </UnitTest>
    <UnitTest name="ChangePassword_Post_ReturnsRedirectOnSuccess" storage="c:\users\rajani\desktop\mvc\mvcbasicwalkthrough\mvcbasicwalkthrough.tests\bin\debug\mvcbasicwalkthrough.tests.dll" id="ea9909e9-59d4-caef-d144-d72bb971dd9e">
      <Execution id="7b627186-13e3-421a-bda2-80ecedabf7e8" />
      <TestMethod codeBase="C:/Users/Rajani/Desktop/MVC/MvcBasicWalkthrough/MvcBasicWalkthrough.Tests/bin/Debug/MvcBasicWalkthrough.Tests.DLL" adapterTypeName="Microsoft.VisualStudio.TestTools.TestTypes.Unit.UnitTestAdapter, Microsoft.VisualStudio.QualityTools.Tips.UnitTest.Adapter, Version=10.0.0.0, Culture=neutral, PublicKeyToken=b03f5f7f11d50a3a" className="MvcBasicWalkthrough.Tests.Controllers.AccountControllerTest, MvcBasicWalkthrough.Tests, Version=1.0.0.0, Culture=neutral, PublicKeyToken=null" name="ChangePassword_Post_ReturnsRedirectOnSuccess" />
    </UnitTest>
    <UnitTest name="Register_Post_ReturnsRedirectOnSuccess" storage="c:\users\rajani\desktop\mvc\mvcbasicwalkthrough\mvcbasicwalkthrough.tests\bin\debug\mvcbasicwalkthrough.tests.dll" id="5bc99496-029e-aa9d-e315-7e99103875c2">
      <Execution id="3c7675dc-19df-4957-93f4-eb8fb930e1d8" />
      <TestMethod codeBase="C:/Users/Rajani/Desktop/MVC/MvcBasicWalkthrough/MvcBasicWalkthrough.Tests/bin/Debug/MvcBasicWalkthrough.Tests.DLL" adapterTypeName="Microsoft.VisualStudio.TestTools.TestTypes.Unit.UnitTestAdapter, Microsoft.VisualStudio.QualityTools.Tips.UnitTest.Adapter, Version=10.0.0.0, Culture=neutral, PublicKeyToken=b03f5f7f11d50a3a" className="MvcBasicWalkthrough.Tests.Controllers.AccountControllerTest, MvcBasicWalkthrough.Tests, Version=1.0.0.0, Culture=neutral, PublicKeyToken=null" name="Register_Post_ReturnsRedirectOnSuccess" />
    </UnitTest>
  </TestDefinitions>
  <TestLists>
    <TestList name="Results Not in a List" id="8c84fa94-04c1-424b-9868-57a2d4851a1d" />
    <TestList name="All Loaded Results" id="19431567-8539-422a-85d7-44ee4e166bda" />
  </TestLists>
  <TestEntries>
    <TestEntry testId="40318904-6adb-7568-9dab-1705c640e25f" executionId="e7759648-84a1-4944-8693-a8e0038cdfbe" testListId="8c84fa94-04c1-424b-9868-57a2d4851a1d" />
    <TestEntry testId="952bd711-e777-c413-0187-ee34dca803dd" executionId="50e172cb-e09a-49a8-a401-5d806d4020b8" testListId="8c84fa94-04c1-424b-9868-57a2d4851a1d" />
    <TestEntry testId="df0ccc05-1459-6a63-6c05-dd9da80198da" executionId="f51d6ccc-3ef4-4b9b-ae13-6ed81a8a1e96" testListId="8c84fa94-04c1-424b-9868-57a2d4851a1d" />
    <TestEntry testId="ea9909e9-59d4-caef-d144-d72bb971dd9e" executionId="7b627186-13e3-421a-bda2-80ecedabf7e8" testListId="8c84fa94-04c1-424b-9868-57a2d4851a1d" />
    <TestEntry testId="33d6f6c8-860d-8a87-0f63-70c44a1a9b25" executionId="3fd687d8-38b3-4a5d-86a2-fb5613e7a53c" testListId="8c84fa94-04c1-424b-9868-57a2d4851a1d" />
    <TestEntry testId="99015924-30ac-c7f2-83fb-a7b2829acf09" executionId="bcc98449-ddef-41bd-b3b4-3fd01a4bad17" testListId="8c84fa94-04c1-424b-9868-57a2d4851a1d" />
    <TestEntry testId="e4b3dcfc-7e62-8754-5dee-5f4ef38ecc68" executionId="cab6220e-e27c-4374-84f6-f8be0aee4e7e" testListId="8c84fa94-04c1-424b-9868-57a2d4851a1d" />
    <TestEntry testId="a7a500f5-3de1-390d-7f6d-a9f8c13bd87c" executionId="064b8344-085b-4d57-b86d-e7037b7ed624" testListId="8c84fa94-04c1-424b-9868-57a2d4851a1d" />
    <TestEntry testId="259471d5-c94b-8c25-36ab-dfc0ecb58304" executionId="d0d1d98d-def9-47e1-8540-85d2cc15dcca" testListId="8c84fa94-04c1-424b-9868-57a2d4851a1d" />
    <TestEntry testId="c36c7c6b-e379-6d7c-2469-acf8366d6c8e" executionId="21e9c7e3-ba4d-4699-8e62-ac9a186503d9" testListId="8c84fa94-04c1-424b-9868-57a2d4851a1d" />
    <TestEntry testId="682c728f-7979-41b9-7f86-d8e33d801bed" executionId="c920bacf-a068-4639-859c-60d2c0bbdfd9" testListId="8c84fa94-04c1-424b-9868-57a2d4851a1d" />
    <TestEntry testId="c1995092-0b74-dc1a-b0ed-8918ed48f844" executionId="ecba3343-1d74-40df-ba13-042f2b0e9bfc" testListId="8c84fa94-04c1-424b-9868-57a2d4851a1d" />
    <TestEntry testId="b0dd765d-c88b-8d84-7449-9c931bad3c16" executionId="7686c8ef-25ff-4ae8-b3c3-9b73d1d3fd6d" testListId="8c84fa94-04c1-424b-9868-57a2d4851a1d" />
    <TestEntry testId="d8a8a8bf-2d38-e7b3-0e7b-3fe5c7399c82" executionId="30362546-f2ca-4cd3-8510-963cfa1e80f7" testListId="8c84fa94-04c1-424b-9868-57a2d4851a1d" />
    <TestEntry testId="5bc99496-029e-aa9d-e315-7e99103875c2" executionId="3c7675dc-19df-4957-93f4-eb8fb930e1d8" testListId="8c84fa94-04c1-424b-9868-57a2d4851a1d" />
    <TestEntry testId="29b2e7ba-5b8d-e774-c5cb-e34f3215262e" executionId="311353a1-8037-4506-ba05-4e2ae6016d25" testListId="8c84fa94-04c1-424b-9868-57a2d4851a1d" />
    <TestEntry testId="26cb7d77-2ca8-7714-975d-b90828293759" executionId="a52ea5c2-456b-44ab-840b-8c6207b4e734" testListId="8c84fa94-04c1-424b-9868-57a2d4851a1d" />
    <TestEntry testId="38997097-ad1e-4c07-fc22-f51324d8f24a" executionId="78caf5a7-a2cb-4708-bfbe-28d8063340a4" testListId="8c84fa94-04c1-424b-9868-57a2d4851a1d" />
  </TestEntries>
  <Results>
    <UnitTestResult executionId="e7759648-84a1-4944-8693-a8e0038cdfbe" testId="40318904-6adb-7568-9dab-1705c640e25f" testName="Index" computerName="RAJANIDELL" duration="00:00:00.0188198" startTime="2012-08-06T15:25:01.3076527+05:30" endTime="2012-08-06T15:25:01.6352533+05:30" testType="13cdc9d9-ddb5-4fa4-a97d-d965ccfc6d4b" outcome="Passed" testListId="8c84fa94-04c1-424b-9868-57a2d4851a1d" relativeResultsDirectory="e7759648-84a1-4944-8693-a8e0038cdfbe">
    </UnitTestResult>
    <UnitTestResult executionId="50e172cb-e09a-49a8-a401-5d806d4020b8" testId="952bd711-e777-c413-0187-ee34dca803dd" testName="About" computerName="RAJANIDELL" duration="00:00:00.0003505" startTime="2012-08-06T15:25:01.6352533+05:30" endTime="2012-08-06T15:25:01.6508533+05:30" testType="13cdc9d9-ddb5-4fa4-a97d-d965ccfc6d4b" outcome="Passed" testListId="8c84fa94-04c1-424b-9868-57a2d4851a1d" relativeResultsDirectory="50e172cb-e09a-49a8-a401-5d806d4020b8">
    </UnitTestResult>
    <UnitTestResult executionId="f51d6ccc-3ef4-4b9b-ae13-6ed81a8a1e96" testId="df0ccc05-1459-6a63-6c05-dd9da80198da" testName="ChangePassword_Get_ReturnsView" computerName="RAJANIDELL" duration="00:00:00.0033413" startTime="2012-08-06T15:25:01.6508533+05:30" endTime="2012-08-06T15:25:01.6508533+05:30" testType="13cdc9d9-ddb5-4fa4-a97d-d965ccfc6d4b" outcome="Passed" testListId="8c84fa94-04c1-424b-9868-57a2d4851a1d" relativeResultsDirectory="f51d6ccc-3ef4-4b9b-ae13-6ed81a8a1e96">
    </UnitTestResult>
    <UnitTestResult executionId="7b627186-13e3-421a-bda2-80ecedabf7e8" testId="ea9909e9-59d4-caef-d144-d72bb971dd9e" testName="ChangePassword_Post_ReturnsRedirectOnSuccess" computerName="RAJANIDELL" duration="00:00:00.0065068" startTime="2012-08-06T15:25:01.6508533+05:30" endTime="2012-08-06T15:25:01.6664534+05:30" testType="13cdc9d9-ddb5-4fa4-a97d-d965ccfc6d4b" outcome="Passed" testListId="8c84fa94-04c1-424b-9868-57a2d4851a1d" relativeResultsDirectory="7b627186-13e3-421a-bda2-80ecedabf7e8">
    </UnitTestResult>
    <UnitTestResult executionId="3fd687d8-38b3-4a5d-86a2-fb5613e7a53c" testId="33d6f6c8-860d-8a87-0f63-70c44a1a9b25" testName="ChangePassword_Post_ReturnsViewIfChangePasswordFails" computerName="RAJANIDELL" duration="00:00:00.0032223" startTime="2012-08-06T15:25:01.6664534+05:30" endTime="2012-08-06T15:25:01.6664534+05:30" testType="13cdc9d9-ddb5-4fa4-a97d-d965ccfc6d4b" outcome="Passed" testListId="8c84fa94-04c1-424b-9868-57a2d4851a1d" relativeResultsDirectory="3fd687d8-38b3-4a5d-86a2-fb5613e7a53c">
    </UnitTestResult>
    <UnitTestResult executionId="bcc98449-ddef-41bd-b3b4-3fd01a4bad17" testId="99015924-30ac-c7f2-83fb-a7b2829acf09" testName="ChangePassword_Post_ReturnsViewIfModelStateIsInvalid" computerName="RAJANIDELL" duration="00:00:00.0005176" startTime="2012-08-06T15:25:01.6820534+05:30" endTime="2012-08-06T15:25:01.6820534+05:30" testType="13cdc9d9-ddb5-4fa4-a97d-d965ccfc6d4b" outcome="Passed" testListId="8c84fa94-04c1-424b-9868-57a2d4851a1d" relativeResultsDirectory="bcc98449-ddef-41bd-b3b4-3fd01a4bad17">
    </UnitTestResult>
    <UnitTestResult executionId="cab6220e-e27c-4374-84f6-f8be0aee4e7e" testId="e4b3dcfc-7e62-8754-5dee-5f4ef38ecc68" testName="ChangePasswordSuccess_ReturnsView" computerName="RAJANIDELL" duration="00:00:00.0002345" startTime="2012-08-06T15:25:01.6820534+05:30" endTime="2012-08-06T15:25:01.6820534+05:30" testType="13cdc9d9-ddb5-4fa4-a97d-d965ccfc6d4b" outcome="Passed" testListId="8c84fa94-04c1-424b-9868-57a2d4851a1d" relativeResultsDirectory="cab6220e-e27c-4374-84f6-f8be0aee4e7e">
    </UnitTestResult>
    <UnitTestResult executionId="064b8344-085b-4d57-b86d-e7037b7ed624" testId="a7a500f5-3de1-390d-7f6d-a9f8c13bd87c" testName="LogOff_LogsOutAndRedirects" computerName="RAJANIDELL" duration="00:00:00.0005975" startTime="2012-08-06T15:25:01.6820534+05:30" endTime="2012-08-06T15:25:01.6820534+05:30" testType="13cdc9d9-ddb5-4fa4-a97d-d965ccfc6d4b" outcome="Passed" testListId="8c84fa94-04c1-424b-9868-57a2d4851a1d" relativeResultsDirectory="064b8344-085b-4d57-b86d-e7037b7ed624">
    </UnitTestResult>
    <UnitTestResult executionId="d0d1d98d-def9-47e1-8540-85d2cc15dcca" testId="259471d5-c94b-8c25-36ab-dfc0ecb58304" testName="LogOn_Get_ReturnsView" computerName="RAJANIDELL" duration="00:00:00.0002368" startTime="2012-08-06T15:25:01.6976534+05:30" endTime="2012-08-06T15:25:01.6976534+05:30" testType="13cdc9d9-ddb5-4fa4-a97d-d965ccfc6d4b" outcome="Passed" testListId="8c84fa94-04c1-424b-9868-57a2d4851a1d" relativeResultsDirectory="d0d1d98d-def9-47e1-8540-85d2cc15dcca">
    </UnitTestResult>
    <UnitTestResult executionId="21e9c7e3-ba4d-4699-8e62-ac9a186503d9" testId="c36c7c6b-e379-6d7c-2469-acf8366d6c8e" testName="LogOn_Post_ReturnsRedirectOnSuccess_WithoutReturnUrl" computerName="RAJANIDELL" duration="00:00:00.0013040" startTime="2012-08-06T15:25:01.6976534+05:30" endTime="2012-08-06T15:25:01.6976534+05:30" testType="13cdc9d9-ddb5-4fa4-a97d-d965ccfc6d4b" outcome="Passed" testListId="8c84fa94-04c1-424b-9868-57a2d4851a1d" relativeResultsDirectory="21e9c7e3-ba4d-4699-8e62-ac9a186503d9">
    </UnitTestResult>
    <UnitTestResult executionId="c920bacf-a068-4639-859c-60d2c0bbdfd9" testId="682c728f-7979-41b9-7f86-d8e33d801bed" testName="LogOn_Post_ReturnsRedirectOnSuccess_WithReturnUrl" computerName="RAJANIDELL" duration="00:00:00.0009481" startTime="2012-08-06T15:25:01.6976534+05:30" endTime="2012-08-06T15:25:01.6976534+05:30" testType="13cdc9d9-ddb5-4fa4-a97d-d965ccfc6d4b" outcome="Passed" testListId="8c84fa94-04c1-424b-9868-57a2d4851a1d" relativeResultsDirectory="c920bacf-a068-4639-859c-60d2c0bbdfd9">
    </UnitTestResult>
    <UnitTestResult executionId="ecba3343-1d74-40df-ba13-042f2b0e9bfc" testId="c1995092-0b74-dc1a-b0ed-8918ed48f844" testName="LogOn_Post_ReturnsViewIfModelStateIsInvalid" computerName="RAJANIDELL" duration="00:00:00.0002824" startTime="2012-08-06T15:25:01.6976534+05:30" endTime="2012-08-06T15:25:01.7132534+05:30" testType="13cdc9d9-ddb5-4fa4-a97d-d965ccfc6d4b" outcome="Passed" testListId="8c84fa94-04c1-424b-9868-57a2d4851a1d" relativeResultsDirectory="ecba3343-1d74-40df-ba13-042f2b0e9bfc">
    </UnitTestResult>
    <UnitTestResult executionId="7686c8ef-25ff-4ae8-b3c3-9b73d1d3fd6d" testId="b0dd765d-c88b-8d84-7449-9c931bad3c16" testName="LogOn_Post_ReturnsViewIfValidateUserFails" computerName="RAJANIDELL" duration="00:00:00.0003452" startTime="2012-08-06T15:25:01.7132534+05:30" endTime="2012-08-06T15:25:01.7132534+05:30" testType="13cdc9d9-ddb5-4fa4-a97d-d965ccfc6d4b" outcome="Passed" testListId="8c84fa94-04c1-424b-9868-57a2d4851a1d" relativeResultsDirectory="7686c8ef-25ff-4ae8-b3c3-9b73d1d3fd6d">
    </UnitTestResult>
    <UnitTestResult executionId="30362546-f2ca-4cd3-8510-963cfa1e80f7" testId="d8a8a8bf-2d38-e7b3-0e7b-3fe5c7399c82" testName="Register_Get_ReturnsView" computerName="RAJANIDELL" duration="00:00:00.0003245" startTime="2012-08-06T15:25:01.7132534+05:30" endTime="2012-08-06T15:25:01.7132534+05:30" testType="13cdc9d9-ddb5-4fa4-a97d-d965ccfc6d4b" outcome="Passed" testListId="8c84fa94-04c1-424b-9868-57a2d4851a1d" relativeResultsDirectory="30362546-f2ca-4cd3-8510-963cfa1e80f7">
    </UnitTestResult>
    <UnitTestResult executionId="3c7675dc-19df-4957-93f4-eb8fb930e1d8" testId="5bc99496-029e-aa9d-e315-7e99103875c2" testName="Register_Post_ReturnsRedirectOnSuccess" computerName="RAJANIDELL" duration="00:00:00.0010944" startTime="2012-08-06T15:25:01.7132534+05:30" endTime="2012-08-06T15:25:01.7288535+05:30" testType="13cdc9d9-ddb5-4fa4-a97d-d965ccfc6d4b" outcome="Passed" testListId="8c84fa94-04c1-424b-9868-57a2d4851a1d" relativeResultsDirectory="3c7675dc-19df-4957-93f4-eb8fb930e1d8">
    </UnitTestResult>
    <UnitTestResult executionId="311353a1-8037-4506-ba05-4e2ae6016d25" testId="29b2e7ba-5b8d-e774-c5cb-e34f3215262e" testName="Register_Post_ReturnsViewIfRegistrationFails" computerName="RAJANIDELL" duration="00:00:00.0005975" startTime="2012-08-06T15:25:01.7288535+05:30" endTime="2012-08-06T15:25:01.7288535+05:30" testType="13cdc9d9-ddb5-4fa4-a97d-d965ccfc6d4b" outcome="Passed" testListId="8c84fa94-04c1-424b-9868-57a2d4851a1d" relativeResultsDirectory="311353a1-8037-4506-ba05-4e2ae6016d25">
    </UnitTestResult>
    <UnitTestResult executionId="a52ea5c2-456b-44ab-840b-8c6207b4e734" testId="26cb7d77-2ca8-7714-975d-b90828293759" testName="Register_Post_ReturnsViewIfModelStateIsInvalid" computerName="RAJANIDELL" duration="00:00:00.0003375" startTime="2012-08-06T15:25:01.7288535+05:30" endTime="2012-08-06T15:25:01.7288535+05:30" testType="13cdc9d9-ddb5-4fa4-a97d-d965ccfc6d4b" outcome="Passed" testListId="8c84fa94-04c1-424b-9868-57a2d4851a1d" relativeResultsDirectory="a52ea5c2-456b-44ab-840b-8c6207b4e734">
    </UnitTestResult>
    <UnitTestResult executionId="78caf5a7-a2cb-4708-bfbe-28d8063340a4" testId="38997097-ad1e-4c07-fc22-f51324d8f24a" testName="ViewMaps" computerName="RAJANIDELL" duration="00:00:00.0206480" startTime="2012-08-06T15:25:01.7288535+05:30" endTime="2012-08-06T15:25:01.7600535+05:30" testType="13cdc9d9-ddb5-4fa4-a97d-d965ccfc6d4b" outcome="Failed" testListId="8c84fa94-04c1-424b-9868-57a2d4851a1d" relativeResultsDirectory="78caf5a7-a2cb-4708-bfbe-28d8063340a4">
      <Output>
        <ErrorInfo>
          <Message>Test method MvcBasicWalkthrough.Tests.Controllers.MapsControllerTest.ViewMaps threw exception: 
System.NotImplementedException: The method or operation is not implemented.</Message>
          <StackTrace>    at MvcBasicWalkthrough.Controllers.MapsController.ViewMaps() in C:\Users\Rajani\Desktop\MVC\MvcBasicWalkthrough\MvcBasicWalkthrough\Controllers\MapsController.cs:line 22
   at MvcBasicWalkthrough.Tests.Controllers.MapsControllerTest.ViewMaps() in C:\Users\Rajani\Desktop\MVC\MvcBasicWalkthrough\MvcBasicWalkthrough.Tests\Controllers\MapsControllerTest.cs:line 24
</StackTrace>
        </ErrorInfo>
      </Output>
    </UnitTestResult>
  </Results>
</TestRun>